D:\SS\CODE\C++\GIT\TIMETABLEGUI\TIMETABLEGUI\DEBUG\TIMETABLEGUI.PCH.CODEANALYSIS
D:\SS\CODE\C++\GIT\TIMETABLEGUI\TIMETABLEGUI\DEBUG\TIMETABLEGUI.PCH.CODEANALYSISAST
D:\SS\CODE\C++\GIT\TIMETABLEGUI\TIMETABLEGUI\DEBUG\STDAFX.CPP.NATIVECODEANALYSIS.XML
D:\SS\CODE\C++\GIT\TIMETABLEGUI\TIMETABLEGUI\DEBUG\STDAFX.OBJ
D:\SS\CODE\C++\GIT\TIMETABLEGUI\TIMETABLEGUI\DEBUG\VC110.PDB
D:\SS\CODE\C++\GIT\TIMETABLEGUI\TIMETABLEGUI\DEBUG\ASSEMBLYINFO.CPP.NATIVECODEANALYSIS.XML
D:\SS\CODE\C++\GIT\TIMETABLEGUI\TIMETABLEGUI\DEBUG\ASSEMBLYINFO.OBJ
D:\SS\CODE\C++\GIT\TIMETABLEGUI\TIMETABLEGUI\DEBUG\BASE.CPP.NATIVECODEANALYSIS.XML
D:\SS\CODE\C++\GIT\TIMETABLEGUI\TIMETABLEGUI\DEBUG\BASE.OBJ
D:\SS\CODE\C++\GIT\TIMETABLEGUI\TIMETABLEGUI\DEBUG\CALCULATIONS.CPP.NATIVECODEANALYSIS.XML
D:\SS\CODE\C++\GIT\TIMETABLEGUI\TIMETABLEGUI\DEBUG\CALCULATIONS.OBJ
D:\SS\CODE\C++\GIT\TIMETABLEGUI\TIMETABLEGUI\DEBUG\GENETICALGORITHM.CPP.NATIVECODEANALYSIS.XML
D:\SS\CODE\C++\GIT\TIMETABLEGUI\TIMETABLEGUI\DEBUG\GENETICALGORITHM.OBJ
D:\SS\CODE\C++\GIT\TIMETABLEGUI\TIMETABLEGUI\DEBUG\GENETICALGORITHMWRAPPER.CPP.NATIVECODEANALYSIS.XML
D:\SS\CODE\C++\GIT\TIMETABLEGUI\TIMETABLEGUI\DEBUG\GENETICALGORITHMWRAPPER.OBJ
D:\SS\CODE\C++\GIT\TIMETABLEGUI\TIMETABLEGUI\DEBUG\TIMETABLEGUI.CPP.NATIVECODEANALYSIS.XML
D:\SS\CODE\C++\GIT\TIMETABLEGUI\TIMETABLEGUI\DEBUG\TIMETABLEGUI.OBJ
D:\SS\CODE\C++\GIT\TIMETABLEGUI\TIMETABLEGUI\DEBUG\.NETFRAMEWORK,VERSION=V4.5.ASSEMBLYATTRIBUTES.CPP.NATIVECODEANALYSIS.XML
D:\SS\CODE\C++\GIT\TIMETABLEGUI\TIMETABLEGUI\DEBUG\.NETFRAMEWORK,VERSION=V4.5.ASSEMBLYATTRIBUTES.OBJ
D:\SS\CODE\C++\GIT\TIMETABLEGUI\DEBUG\TIMETABLEGUI.ILK
D:\SS\CODE\C++\GIT\TIMETABLEGUI\DEBUG\TIMETABLEGUI.EXE
D:\SS\CODE\C++\GIT\TIMETABLEGUI\DEBUG\TIMETABLEGUI.PDB
D:\SS\CODE\C++\GIT\TIMETABLEGUI\TIMETABLEGUI\DEBUG\APP.RES
d:\ss\code\c++\git\TimetableGUI\TimetableGUI\Debug\TimetableGUI.TimetableGUI.resources
d:\ss\code\c++\git\TimetableGUI\TimetableGUI\Debug\TimetableGUI.vcxproj.GenerateResource.Cache
d:\ss\code\c++\git\TimetableGUI\TimetableGUI\Debug\.NETFramework,Version=v4.5.AssemblyAttributes.obj
d:\ss\code\c++\git\TimetableGUI\TimetableGUI\Debug\AssemblyInfo.obj
d:\ss\code\c++\git\TimetableGUI\TimetableGUI\Debug\Base.obj
d:\ss\code\c++\git\TimetableGUI\TimetableGUI\Debug\Calculations.obj
d:\ss\code\c++\git\TimetableGUI\TimetableGUI\Debug\GeneticAlgorithm.obj
d:\ss\code\c++\git\TimetableGUI\TimetableGUI\Debug\GeneticAlgorithmWrapper.obj
d:\ss\code\c++\git\TimetableGUI\TimetableGUI\Debug\stdafx.obj
d:\ss\code\c++\git\TimetableGUI\TimetableGUI\Debug\TimetableGUI.obj
d:\ss\code\c++\git\TimetableGUI\TimetableGUI\Debug\cl.command.1.tlog
d:\ss\code\c++\git\TimetableGUI\TimetableGUI\Debug\CL.read.1.tlog
d:\ss\code\c++\git\TimetableGUI\TimetableGUI\Debug\CL.write.1.tlog
d:\ss\code\c++\git\TimetableGUI\TimetableGUI\Debug\link.6060-cvtres.read.1.tlog
d:\ss\code\c++\git\TimetableGUI\TimetableGUI\Debug\link.6060-cvtres.write.1.tlog
d:\ss\code\c++\git\TimetableGUI\TimetableGUI\Debug\link.6060-rc.read.1.tlog
d:\ss\code\c++\git\TimetableGUI\TimetableGUI\Debug\link.6060-rc.write.1.tlog
d:\ss\code\c++\git\TimetableGUI\TimetableGUI\Debug\link.6060.read.1.tlog
d:\ss\code\c++\git\TimetableGUI\TimetableGUI\Debug\link.6060.write.1.tlog
d:\ss\code\c++\git\TimetableGUI\TimetableGUI\Debug\link.command.1.tlog
d:\ss\code\c++\git\TimetableGUI\TimetableGUI\Debug\link.read.1.tlog
d:\ss\code\c++\git\TimetableGUI\TimetableGUI\Debug\link.write.1.tlog
d:\ss\code\c++\git\TimetableGUI\TimetableGUI\Debug\metagen.read.1.tlog
d:\ss\code\c++\git\TimetableGUI\TimetableGUI\Debug\metagen.write.1.tlog
d:\ss\code\c++\git\TimetableGUI\TimetableGUI\Debug\NativeCodeAnalysis.read.1.tlog
d:\ss\code\c++\git\TimetableGUI\TimetableGUI\Debug\rc.command.1.tlog
d:\ss\code\c++\git\TimetableGUI\TimetableGUI\Debug\rc.read.1.tlog
d:\ss\code\c++\git\TimetableGUI\TimetableGUI\Debug\rc.write.1.tlog
d:\ss\code\c++\git\TimetableGUI\TimetableGUI\Debug\TimetableGUI.write.1.tlog
d:\ss\code\c++\git\TimetableGUI\TimetableGUI\Debug\app.res
d:\ss\code\c++\git\TimetableGUI\TimetableGUI\Debug\vc110.pdb
d:\ss\code\c++\git\TimetableGUI\TimetableGUI\Debug\.NETFramework,Version=v4.5.AssemblyAttributes.cpp.nativecodeanalysis.xml
d:\ss\code\c++\git\TimetableGUI\TimetableGUI\Debug\AssemblyInfo.cpp.nativecodeanalysis.xml
d:\ss\code\c++\git\TimetableGUI\TimetableGUI\Debug\Base.cpp.nativecodeanalysis.xml
d:\ss\code\c++\git\TimetableGUI\TimetableGUI\Debug\Calculations.cpp.nativecodeanalysis.xml
d:\ss\code\c++\git\TimetableGUI\TimetableGUI\Debug\GeneticAlgorithm.cpp.nativecodeanalysis.xml
d:\ss\code\c++\git\TimetableGUI\TimetableGUI\Debug\GeneticAlgorithmWrapper.cpp.nativecodeanalysis.xml
d:\ss\code\c++\git\TimetableGUI\TimetableGUI\Debug\stdafx.cpp.nativecodeanalysis.xml
d:\ss\code\c++\git\TimetableGUI\TimetableGUI\Debug\TimetableGUI.cpp.nativecodeanalysis.xml
d:\ss\code\c++\git\TimetableGUI\TimetableGUI\Debug\vc.nativecodeanalysis.all.xml
d:\ss\code\c++\git\TimetableGUI\TimetableGUI\Debug\MSXML6R.DLL.bi
d:\ss\code\c++\git\TimetableGUI\TimetableGUI\Debug\RSAENH.DLL.bi
d:\ss\code\c++\git\TimetableGUI\TimetableGUI\Debug\TZRES.DLL.bi
D:\ss\code\c++\git\TimetableGUI\Debug\TimetableGUI.pdb
D:\ss\code\c++\git\TimetableGUI\Debug\TimetableGUI.exe
D:\ss\code\c++\git\TimetableGUI\Debug\TimetableGUI.ilk
D:\ss\code\c++\git\TimetableGUI\Debug\TimetableGUI.exe.lastcodeanalysissucceeded
